mode: set
go_web_server/internal/repository/store/books_mysql.go:16.38,18.2 1 1
go_web_server/internal/repository/store/books_mysql.go:20.59,24.16 3 1
go_web_server/internal/repository/store/books_mysql.go:28.2,30.16 2 1
go_web_server/internal/repository/store/books_mysql.go:34.2,34.21 1 1
go_web_server/internal/repository/store/books_mysql.go:24.16,26.3 1 1
go_web_server/internal/repository/store/books_mysql.go:30.16,32.3 1 0
go_web_server/internal/repository/store/books_mysql.go:37.62,41.16 3 1
go_web_server/internal/repository/store/books_mysql.go:45.2,46.16 2 1
go_web_server/internal/repository/store/books_mysql.go:50.2,50.30 1 1
go_web_server/internal/repository/store/books_mysql.go:41.16,43.3 1 1
go_web_server/internal/repository/store/books_mysql.go:46.16,48.3 1 0
go_web_server/internal/repository/store/books_mysql.go:53.46,59.16 5 1
go_web_server/internal/repository/store/books_mysql.go:63.2,64.16 2 1
go_web_server/internal/repository/store/books_mysql.go:68.2,69.16 2 1
go_web_server/internal/repository/store/books_mysql.go:73.2,73.12 1 1
go_web_server/internal/repository/store/books_mysql.go:59.16,61.3 1 1
go_web_server/internal/repository/store/books_mysql.go:64.16,66.3 1 1
go_web_server/internal/repository/store/books_mysql.go:69.16,71.3 1 1
go_web_server/internal/repository/store/books_mysql.go:76.58,85.16 6 1
go_web_server/internal/repository/store/books_mysql.go:89.2,89.18 1 1
go_web_server/internal/repository/store/books_mysql.go:100.2,100.22 1 1
go_web_server/internal/repository/store/books_mysql.go:85.16,87.3 1 1
go_web_server/internal/repository/store/books_mysql.go:89.18,93.17 3 1
go_web_server/internal/repository/store/books_mysql.go:97.3,97.36 1 1
go_web_server/internal/repository/store/books_mysql.go:93.17,95.4 1 0
go_web_server/internal/repository/store/books_mysql.go:103.69,112.16 6 1
go_web_server/internal/repository/store/books_mysql.go:116.2,116.18 1 1
go_web_server/internal/repository/store/books_mysql.go:112.16,114.3 1 1
go_web_server/internal/repository/store/initDb_mysql.go:49.47,51.2 1 1
go_web_server/internal/repository/store/initDb_mysql.go:53.48,55.16 2 1
go_web_server/internal/repository/store/initDb_mysql.go:59.2,59.12 1 1
go_web_server/internal/repository/store/initDb_mysql.go:55.16,57.3 1 1
go_web_server/internal/repository/store/initDb_mysql.go:62.48,64.16 2 1
go_web_server/internal/repository/store/initDb_mysql.go:68.2,69.16 2 1
go_web_server/internal/repository/store/initDb_mysql.go:73.2,74.16 2 1
go_web_server/internal/repository/store/initDb_mysql.go:78.2,79.16 2 1
go_web_server/internal/repository/store/initDb_mysql.go:83.2,83.12 1 1
go_web_server/internal/repository/store/initDb_mysql.go:64.16,66.3 1 1
go_web_server/internal/repository/store/initDb_mysql.go:69.16,71.3 1 1
go_web_server/internal/repository/store/initDb_mysql.go:74.16,76.3 1 1
go_web_server/internal/repository/store/initDb_mysql.go:79.16,81.3 1 1
go_web_server/internal/repository/store/initDb_mysql.go:86.46,88.16 2 1
go_web_server/internal/repository/store/initDb_mysql.go:92.2,93.16 2 1
go_web_server/internal/repository/store/initDb_mysql.go:97.2,98.16 2 1
go_web_server/internal/repository/store/initDb_mysql.go:102.2,102.12 1 1
go_web_server/internal/repository/store/initDb_mysql.go:88.16,90.3 1 1
go_web_server/internal/repository/store/initDb_mysql.go:93.16,95.3 1 1
go_web_server/internal/repository/store/initDb_mysql.go:98.16,100.3 1 1
go_web_server/internal/repository/store/mysql.go:24.42,29.16 3 1
go_web_server/internal/repository/store/mysql.go:33.2,34.16 2 1
go_web_server/internal/repository/store/mysql.go:38.2,38.16 1 1
go_web_server/internal/repository/store/mysql.go:29.16,31.3 1 1
go_web_server/internal/repository/store/mysql.go:34.16,36.3 1 1
go_web_server/internal/repository/store/repository.go:38.44,44.2 1 1
go_web_server/internal/repository/store/users_mysql.go:16.38,18.2 1 1
go_web_server/internal/repository/store/users_mysql.go:20.60,24.16 3 1
go_web_server/internal/repository/store/users_mysql.go:28.2,29.16 2 1
go_web_server/internal/repository/store/users_mysql.go:33.2,33.21 1 1
go_web_server/internal/repository/store/users_mysql.go:24.16,26.3 1 1
go_web_server/internal/repository/store/users_mysql.go:29.16,31.3 1 0
go_web_server/internal/repository/store/users_mysql.go:36.59,45.16 6 1
go_web_server/internal/repository/store/users_mysql.go:49.2,49.17 1 1
go_web_server/internal/repository/store/users_mysql.go:60.2,60.22 1 1
go_web_server/internal/repository/store/users_mysql.go:45.16,47.3 1 1
go_web_server/internal/repository/store/users_mysql.go:49.17,53.17 3 1
go_web_server/internal/repository/store/users_mysql.go:57.3,57.36 1 1
go_web_server/internal/repository/store/users_mysql.go:53.17,55.4 1 0
go_web_server/internal/repository/store/users_mysql.go:63.60,67.16 3 1
go_web_server/internal/repository/store/users_mysql.go:71.2,71.12 1 1
go_web_server/internal/repository/store/users_mysql.go:67.16,69.3 1 1
go_web_server/internal/repository/store/users_mysql.go:74.67,76.60 2 1
go_web_server/internal/repository/store/users_mysql.go:80.2,80.12 1 1
go_web_server/internal/repository/store/users_mysql.go:76.60,78.3 1 1
go_web_server/internal/repository/store/users_mysql.go:83.63,87.16 3 1
go_web_server/internal/repository/store/users_mysql.go:91.2,92.16 2 1
go_web_server/internal/repository/store/users_mysql.go:96.2,96.30 1 1
go_web_server/internal/repository/store/users_mysql.go:87.16,89.3 1 1
go_web_server/internal/repository/store/users_mysql.go:92.16,94.3 1 0
go_web_server/internal/repository/store/users_mysql.go:99.47,104.16 4 1
go_web_server/internal/repository/store/users_mysql.go:108.2,109.16 2 1
go_web_server/internal/repository/store/users_mysql.go:113.2,113.12 1 1
go_web_server/internal/repository/store/users_mysql.go:104.16,106.3 1 1
go_web_server/internal/repository/store/users_mysql.go:109.16,111.3 1 1
go_web_server/internal/repository/store/users_mysql.go:116.63,125.16 6 1
go_web_server/internal/repository/store/users_mysql.go:129.2,129.18 1 1
go_web_server/internal/repository/store/users_mysql.go:125.16,127.3 1 1
go_web_server/internal/web/handler/user.go:16.43,18.42 2 1
go_web_server/internal/web/handler/user.go:23.2,24.16 2 1
go_web_server/internal/web/handler/user.go:29.2,31.4 1 1
go_web_server/internal/web/handler/user.go:18.42,21.3 2 1
go_web_server/internal/web/handler/user.go:24.16,27.3 2 1
go_web_server/internal/web/handler/user.go:34.48,36.16 2 1
go_web_server/internal/web/handler/user.go:41.2,43.4 1 1
go_web_server/internal/web/handler/user.go:36.16,39.3 2 1
go_web_server/internal/web/handler/user.go:46.49,48.42 2 1
go_web_server/internal/web/handler/user.go:53.2,54.16 2 1
go_web_server/internal/web/handler/user.go:59.2,59.28 1 1
go_web_server/internal/web/handler/user.go:48.42,51.3 2 1
go_web_server/internal/web/handler/user.go:54.16,57.3 2 1
go_web_server/internal/web/handler/user.go:62.54,67.28 4 1
go_web_server/internal/web/handler/user.go:72.2,73.28 2 1
go_web_server/internal/web/handler/user.go:78.2,79.16 2 1
go_web_server/internal/web/handler/user.go:84.2,84.28 1 1
go_web_server/internal/web/handler/user.go:67.28,70.3 2 1
go_web_server/internal/web/handler/user.go:73.28,76.3 2 1
go_web_server/internal/web/handler/user.go:79.16,82.3 2 1
go_web_server/internal/web/handler/user.go:87.46,90.42 2 1
go_web_server/internal/web/handler/user.go:95.2,96.16 2 1
go_web_server/internal/web/handler/user.go:101.2,103.4 1 1
go_web_server/internal/web/handler/user.go:90.42,93.3 2 1
go_web_server/internal/web/handler/user.go:96.16,99.3 2 1
go_web_server/internal/web/handler/user.go:106.46,110.27 3 1
go_web_server/internal/web/handler/user.go:115.2,116.16 2 1
go_web_server/internal/web/handler/user.go:121.2,121.28 1 1
go_web_server/internal/web/handler/user.go:110.27,113.3 2 1
go_web_server/internal/web/handler/user.go:116.16,119.3 2 1
go_web_server/internal/web/handler/user.go:124.48,128.27 3 1
go_web_server/internal/web/handler/user.go:133.2,134.16 2 1
go_web_server/internal/web/handler/user.go:139.2,141.4 1 1
go_web_server/internal/web/handler/user.go:128.27,131.3 2 1
go_web_server/internal/web/handler/user.go:134.16,137.3 2 1
go_web_server/internal/web/handler/book.go:11.43,13.42 2 1
go_web_server/internal/web/handler/book.go:18.2,19.16 2 1
go_web_server/internal/web/handler/book.go:24.2,26.4 1 1
go_web_server/internal/web/handler/book.go:13.42,16.3 2 1
go_web_server/internal/web/handler/book.go:19.16,22.3 2 1
go_web_server/internal/web/handler/book.go:29.46,31.42 2 1
go_web_server/internal/web/handler/book.go:36.2,37.16 2 1
go_web_server/internal/web/handler/book.go:42.2,44.4 1 1
go_web_server/internal/web/handler/book.go:31.42,34.3 2 1
go_web_server/internal/web/handler/book.go:37.16,40.3 2 1
go_web_server/internal/web/handler/book.go:47.46,51.27 3 1
go_web_server/internal/web/handler/book.go:56.2,57.16 2 1
go_web_server/internal/web/handler/book.go:62.2,62.28 1 1
go_web_server/internal/web/handler/book.go:51.27,54.3 2 1
go_web_server/internal/web/handler/book.go:57.16,60.3 2 1
go_web_server/internal/web/handler/book.go:65.47,67.16 2 1
go_web_server/internal/web/handler/book.go:72.2,74.4 1 1
go_web_server/internal/web/handler/book.go:67.16,70.3 2 1
go_web_server/internal/web/handler/book.go:77.50,81.16 3 1
go_web_server/internal/web/handler/book.go:86.2,88.4 1 1
go_web_server/internal/web/handler/book.go:81.16,84.3 2 1
go_web_server/internal/web/handler/handler.go:14.50,16.2 1 1
go_web_server/internal/web/handler/handler.go:18.48,38.2 15 1
go_web_server/internal/web/handler/response.go:9.71,11.2 1 1
